# JRE version: Java(TM) SE Runtime Environment (8.0_271-b09) (build 1.8.0_271-b09)
# Java VM: Java HotSpot(TM) 64-Bit Server VM (25.271-b09 mixed mode windows-amd64 compressed oops)
Heap:
 PSYoungGen      total 154624K, used 65778K [0x000000076b980000, 0x0000000777080000, 0x00000007c0000000)
  eden space 136704K, 48% used [0x000000076b980000,0x000000076f9bca58,0x0000000773f00000)
  from space 17920K, 0% used [0x0000000775080000,0x0000000775080000,0x0000000776200000)
  to   space 17920K, 0% used [0x0000000773f00000,0x0000000773f00000,0x0000000775080000)
 ParOldGen       total 159232K, used 19995K [0x00000006c2c00000, 0x00000006cc780000, 0x000000076b980000)
  object space 159232K, 12% used [0x00000006c2c00000,0x00000006c3f86ce0,0x00000006cc780000)
 Metaspace       used 39202K, capacity 40930K, committed 41216K, reserved 1085440K
  class space    used 5253K, capacity 5605K, committed 5632K, reserved 1048576K
GC Heap History (10 events):
Event: 1.368 GC heap before
{Heap before GC invocations=4 (full 1):
 PSYoungGen      total 75776K, used 65024K [0x000000076b980000, 0x0000000774d80000, 0x00000007c0000000)
  eden space 65024K, 100% used [0x000000076b980000,0x000000076f900000,0x000000076f900000)
  from space 10752K, 0% used [0x0000000770380000,0x0000000770380000,0x0000000770e00000)
  to   space 10752K, 0% used [0x000000076f900000,0x000000076f900000,0x0000000770380000)
 ParOldGen       total 106496K, used 10204K [0x00000006c2c00000, 0x00000006c9400000, 0x000000076b980000)
  object space 106496K, 9% used [0x00000006c2c00000,0x00000006c35f72c0,0x00000006c9400000)
 Metaspace       used 23643K, capacity 24436K, committed 24704K, reserved 1071104K
  class space    used 3165K, capacity 3362K, committed 3456K, reserved 1048576K
Event: 1.371 GC heap after
Heap after GC invocations=4 (full 1):
 PSYoungGen      total 75776K, used 6431K [0x000000076b980000, 0x0000000772c00000, 0x00000007c0000000)
  eden space 65024K, 0% used [0x000000076b980000,0x000000076b980000,0x000000076f900000)
  from space 10752K, 59% used [0x000000076f900000,0x000000076ff47d60,0x0000000770380000)
  to   space 10752K, 0% used [0x0000000772180000,0x0000000772180000,0x0000000772c00000)
 ParOldGen       total 106496K, used 10276K [0x00000006c2c00000, 0x00000006c9400000, 0x000000076b980000)
  object space 106496K, 9% used [0x00000006c2c00000,0x00000006c36092d0,0x00000006c9400000)
 Metaspace       used 23643K, capacity 24436K, committed 24704K, reserved 1071104K
  class space    used 3165K, capacity 3362K, committed 3456K, reserved 1048576K
}
Event: 1.707 GC heap before
{Heap before GC invocations=5 (full 1):
 PSYoungGen      total 75776K, used 71455K [0x000000076b980000, 0x0000000772c00000, 0x00000007c0000000)
  eden space 65024K, 100% used [0x000000076b980000,0x000000076f900000,0x000000076f900000)
  from space 10752K, 59% used [0x000000076f900000,0x000000076ff47d60,0x0000000770380000)
  to   space 10752K, 0% used [0x0000000772180000,0x0000000772180000,0x0000000772c00000)
 ParOldGen       total 106496K, used 10276K [0x00000006c2c00000, 0x00000006c9400000, 0x000000076b980000)
  object space 106496K, 9% used [0x00000006c2c00000,0x00000006c36092d0,0x00000006c9400000)
 Metaspace       used 28295K, capacity 29534K, committed 29696K, reserved 1075200K
  class space    used 3825K, capacity 4067K, committed 4096K, reserved 1048576K
Event: 1.712 GC heap after
Heap after GC invocations=5 (full 1):
 PSYoungGen      total 106496K, used 10748K [0x000000076b980000, 0x0000000772c00000, 0x00000007c0000000)
  eden space 95744K, 0% used [0x000000076b980000,0x000000076b980000,0x0000000771700000)
  from space 10752K, 99% used [0x0000000772180000,0x0000000772bff2a0,0x0000000772c00000)
  to   space 10752K, 0% used [0x0000000771700000,0x0000000771700000,0x0000000772180000)
 ParOldGen       total 106496K, used 12001K [0x00000006c2c00000, 0x00000006c9400000, 0x000000076b980000)
  object space 106496K, 11% used [0x00000006c2c00000,0x00000006c37b8640,0x00000006c9400000)
 Metaspace       used 28295K, capacity 29534K, committed 29696K, reserved 1075200K
  class space    used 3825K, capacity 4067K, committed 4096K, reserved 1048576K
}
Event: 2.922 GC heap before
{Heap before GC invocations=6 (full 1):
 PSYoungGen      total 106496K, used 106492K [0x000000076b980000, 0x0000000772c00000, 0x00000007c0000000)
  eden space 95744K, 100% used [0x000000076b980000,0x0000000771700000,0x0000000771700000)
  from space 10752K, 99% used [0x0000000772180000,0x0000000772bff2a0,0x0000000772c00000)
  to   space 10752K, 0% used [0x0000000771700000,0x0000000771700000,0x0000000772180000)
 ParOldGen       total 106496K, used 12001K [0x00000006c2c00000, 0x00000006c9400000, 0x000000076b980000)
  object space 106496K, 11% used [0x00000006c2c00000,0x00000006c37b8640,0x00000006c9400000)
 Metaspace       used 33030K, capacity 34422K, committed 34688K, reserved 1079296K
  class space    used 4424K, capacity 4687K, committed 4736K, reserved 1048576K
Event: 2.929 GC heap after
Heap after GC invocations=6 (full 1):
 PSYoungGen      total 106496K, used 10726K [0x000000076b980000, 0x0000000776200000, 0x00000007c0000000)
  eden space 95744K, 0% used [0x000000076b980000,0x000000076b980000,0x0000000771700000)
  from space 10752K, 99% used [0x0000000771700000,0x0000000772179a58,0x0000000772180000)
  to   space 17920K, 0% used [0x0000000775080000,0x0000000775080000,0x0000000776200000)
 ParOldGen       total 106496K, used 16996K [0x00000006c2c00000, 0x00000006c9400000, 0x000000076b980000)
  object space 106496K, 15% used [0x00000006c2c00000,0x00000006c3c990b0,0x00000006c9400000)
 Metaspace       used 33030K, capacity 34422K, committed 34688K, reserved 1079296K
  class space    used 4424K, capacity 4687K, committed 4736K, reserved 1048576K
}
Event: 3.010 GC heap before
{Heap before GC invocations=7 (full 1):
 PSYoungGen      total 106496K, used 35000K [0x000000076b980000, 0x0000000776200000, 0x00000007c0000000)
  eden space 95744K, 25% used [0x000000076b980000,0x000000076d134828,0x0000000771700000)
  from space 10752K, 99% used [0x0000000771700000,0x0000000772179a58,0x0000000772180000)
  to   space 17920K, 0% used [0x0000000775080000,0x0000000775080000,0x0000000776200000)
 ParOldGen       total 106496K, used 16996K [0x00000006c2c00000, 0x00000006c9400000, 0x000000076b980000)
  object space 106496K, 15% used [0x00000006c2c00000,0x00000006c3c990b0,0x00000006c9400000)
 Metaspace       used 34017K, capacity 35424K, committed 35496K, reserved 1079296K
  class space    used 4552K, capacity 4836K, committed 4864K, reserved 1048576K
Event: 3.015 GC heap after
Heap after GC invocations=7 (full 1):
 PSYoungGen      total 154624K, used 12765K [0x000000076b980000, 0x0000000777080000, 0x00000007c0000000)
  eden space 136704K, 0% used [0x000000076b980000,0x000000076b980000,0x0000000773f00000)
  from space 17920K, 71% used [0x0000000775080000,0x0000000775cf7460,0x0000000776200000)
  to   space 17920K, 0% used [0x0000000773f00000,0x0000000773f00000,0x0000000775080000)
 ParOldGen       total 106496K, used 17004K [0x00000006c2c00000, 0x00000006c9400000, 0x000000076b980000)
  object space 106496K, 15% used [0x00000006c2c00000,0x00000006c3c9b0b0,0x00000006c9400000)
 Metaspace       used 34017K, capacity 35424K, committed 35496K, reserved 1079296K
  class space    used 4552K, capacity 4836K, committed 4864K, reserved 1048576K
}
Event: 3.015 GC heap before
{Heap before GC invocations=8 (full 2):
 PSYoungGen      total 154624K, used 12765K [0x000000076b980000, 0x0000000777080000, 0x00000007c0000000)
  eden space 136704K, 0% used [0x000000076b980000,0x000000076b980000,0x0000000773f00000)
  from space 17920K, 71% used [0x0000000775080000,0x0000000775cf7460,0x0000000776200000)
  to   space 17920K, 0% used [0x0000000773f00000,0x0000000773f00000,0x0000000775080000)
 ParOldGen       total 106496K, used 17004K [0x00000006c2c00000, 0x00000006c9400000, 0x000000076b980000)
  object space 106496K, 15% used [0x00000006c2c00000,0x00000006c3c9b0b0,0x00000006c9400000)
 Metaspace       used 34017K, capacity 35424K, committed 35496K, reserved 1079296K
  class space    used 4552K, capacity 4836K, committed 4864K, reserved 1048576K
Event: 3.042 GC heap after
Heap after GC invocations=8 (full 2):
 PSYoungGen      total 154624K, used 0K [0x000000076b980000, 0x0000000777080000, 0x00000007c0000000)
  eden space 136704K, 0% used [0x000000076b980000,0x000000076b980000,0x0000000773f00000)
  from space 17920K, 0% used [0x0000000775080000,0x0000000775080000,0x0000000776200000)
  to   space 17920K, 0% used [0x0000000773f00000,0x0000000773f00000,0x0000000775080000)
 ParOldGen       total 159232K, used 19995K [0x00000006c2c00000, 0x00000006cc780000, 0x000000076b980000)
  object space 159232K, 12% used [0x00000006c2c00000,0x00000006c3f86ce0,0x00000006cc780000)
 Metaspace       used 34017K, capacity 35424K, committed 35496K, reserved 1079296K
  class space    used 4552K, capacity 4836K, committed 4864K, reserved 1048576K
}

